{
  message: 'database connected successfully',
  level: 'info',
  service: 'user-service',
  label: 'UMW',
  timestamp: '2023-06-06T06:30:05.608Z'
}
{
  service: 'user-service',
  level: 'info',
  message: 'server running on port',
  label: 'UMW',
  timestamp: '2023-06-06T06:30:05.659Z'
}
{
  message: 'database connected successfully',
  level: 'info',
  service: 'user-service',
  label: 'UMW',
  timestamp: '2023-06-06T06:31:48.804Z'
}
{
  service: 'user-service',
  level: 'info',
  message: 'server running on port',
  label: 'UMW',
  timestamp: '2023-06-06T06:31:48.832Z'
}
{
  message: 'database connected successfully',
  level: 'info',
  service: 'user-service',
  label: 'UMW',
  timestamp: '2023-06-06T06:33:44.447Z'
}
{
  service: 'user-service',
  level: 'info',
  message: 'server running on port',
  label: 'UMW',
  timestamp: '2023-06-06T06:33:44.480Z'
}
{
  message: 'database connected successfully',
  level: 'info',
  service: 'user-service',
  label: 'UMW',
  timestamp: '2023-06-06T06:37:52.956Z'
}
{
  service: 'user-service',
  level: 'info',
  message: 'server running on port',
  label: 'UMW',
  timestamp: '2023-06-06T06:37:52.988Z'
}
