{
  message: 'database connected successfully',
  level: 'info',
  service: 'user-service',
  label: 'UMW',
  timestamp: '2023-06-15T15:12:46.083Z'
}
{
  service: 'user-service',
  level: 'info',
  message: 'server running on port',
  label: 'UMW',
  timestamp: '2023-06-15T15:12:46.173Z'
}
{
  message: 'database connected successfully',
  level: 'info',
  service: 'user-service',
  label: 'UMW',
  timestamp: '2023-06-15T15:16:44.419Z'
}
{
  service: 'user-service',
  level: 'info',
  message: 'server running on port',
  label: 'UMW',
  timestamp: '2023-06-15T15:16:44.485Z'
}
{
  message: 'database connected successfully',
  level: 'info',
  service: 'user-service',
  label: 'UMW',
  timestamp: '2023-06-15T15:19:03.949Z'
}
{
  service: 'user-service',
  level: 'info',
  message: 'server running on port',
  label: 'UMW',
  timestamp: '2023-06-15T15:19:03.986Z'
}
{
  message: 'database connected successfully',
  level: 'info',
  service: 'user-service',
  label: 'UMW',
  timestamp: '2023-06-15T15:32:28.043Z'
}
{
  service: 'user-service',
  level: 'info',
  message: 'server running on port',
  label: 'UMW',
  timestamp: '2023-06-15T15:32:28.089Z'
}
