{
  message: 'database connected successfully',
  level: 'info',
  service: 'user-service',
  label: 'UMW',
  timestamp: '2023-06-13T02:02:56.486Z'
}
{
  service: 'user-service',
  level: 'info',
  message: 'server running on port',
  label: 'UMW',
  timestamp: '2023-06-13T02:02:56.538Z'
}
{
  message: 'database connected successfully',
  level: 'info',
  service: 'user-service',
  label: 'UMW',
  timestamp: '2023-06-13T02:05:22.258Z'
}
{
  service: 'user-service',
  level: 'info',
  message: 'server running on port',
  label: 'UMW',
  timestamp: '2023-06-13T02:05:22.295Z'
}
{
  message: 'database connected successfully',
  level: 'info',
  service: 'user-service',
  label: 'UMW',
  timestamp: '2023-06-13T02:08:21.994Z'
}
{
  service: 'user-service',
  level: 'info',
  message: 'server running on port',
  label: 'UMW',
  timestamp: '2023-06-13T02:08:22.040Z'
}
{
  message: 'database connected successfully',
  level: 'info',
  service: 'user-service',
  label: 'UMW',
  timestamp: '2023-06-13T02:08:54.283Z'
}
{
  service: 'user-service',
  level: 'info',
  message: 'server running on port',
  label: 'UMW',
  timestamp: '2023-06-13T02:08:54.330Z'
}
