{
  message: 'database connected successfully',
  level: 'info',
  service: 'user-service',
  label: 'UMW',
  timestamp: '2023-06-05T01:02:34.095Z'
}
{
  service: 'user-service',
  level: 'info',
  message: 'server running on port',
  label: 'UMW',
  timestamp: '2023-06-05T01:02:34.156Z'
}
{
  message: 'database connected successfully',
  level: 'info',
  service: 'user-service',
  label: 'UMW',
  timestamp: '2023-06-05T01:03:13.856Z'
}
{
  service: 'user-service',
  level: 'info',
  message: 'server running on port',
  label: 'UMW',
  timestamp: '2023-06-05T01:03:13.890Z'
}
{
  message: 'database connected successfully',
  level: 'info',
  service: 'user-service',
  label: 'UMW',
  timestamp: '2023-06-05T01:03:57.957Z'
}
{
  service: 'user-service',
  level: 'info',
  message: 'server running on port',
  label: 'UMW',
  timestamp: '2023-06-05T01:03:57.995Z'
}
{
  message: 'database connected successfully',
  level: 'info',
  service: 'user-service',
  label: 'UMW',
  timestamp: '2023-06-05T01:05:55.221Z'
}
{
  service: 'user-service',
  level: 'info',
  message: 'server running on port',
  label: 'UMW',
  timestamp: '2023-06-05T01:05:55.255Z'
}
{
  message: 'database connected successfully',
  level: 'info',
  service: 'user-service',
  label: 'UMW',
  timestamp: '2023-06-05T01:10:43.849Z'
}
{
  service: 'user-service',
  level: 'info',
  message: 'server running on port',
  label: 'UMW',
  timestamp: '2023-06-05T01:10:43.894Z'
}
{
  message: 'database connected successfully',
  level: 'info',
  service: 'user-service',
  label: 'UMW',
  timestamp: '2023-06-05T01:13:35.253Z'
}
{
  service: 'user-service',
  level: 'info',
  message: 'server running on port',
  label: 'UMW',
  timestamp: '2023-06-05T01:13:35.286Z'
}
{
  message: 'database connected successfully',
  level: 'info',
  service: 'user-service',
  label: 'UMW',
  timestamp: '2023-06-05T01:41:11.332Z'
}
{
  service: 'user-service',
  level: 'info',
  message: 'server running on port',
  label: 'UMW',
  timestamp: '2023-06-05T01:41:11.367Z'
}
{
  message: 'database connected successfully',
  level: 'info',
  service: 'user-service',
  label: 'UMW',
  timestamp: '2023-06-05T01:42:56.092Z'
}
{
  service: 'user-service',
  level: 'info',
  message: 'server running on port',
  label: 'UMW',
  timestamp: '2023-06-05T01:42:56.134Z'
}
{
  message: 'database connected successfully',
  level: 'info',
  service: 'user-service',
  label: 'UMW',
  timestamp: '2023-06-05T01:47:49.185Z'
}
{
  service: 'user-service',
  level: 'info',
  message: 'server running on port',
  label: 'UMW',
  timestamp: '2023-06-05T01:47:49.223Z'
}
{
  message: 'database connected successfully',
  level: 'info',
  service: 'user-service',
  label: 'UMW',
  timestamp: '2023-06-05T01:48:00.545Z'
}
{
  service: 'user-service',
  level: 'info',
  message: 'server running on port',
  label: 'UMW',
  timestamp: '2023-06-05T01:48:00.578Z'
}
{
  message: 'database connected successfully',
  level: 'info',
  service: 'user-service',
  label: 'UMW',
  timestamp: '2023-06-05T01:50:49.322Z'
}
{
  service: 'user-service',
  level: 'info',
  message: 'server running on port',
  label: 'UMW',
  timestamp: '2023-06-05T01:50:49.364Z'
}
