{
  message: 'database connected successfully',
  level: 'info',
  service: 'user-service',
  label: 'UMW',
  timestamp: '2023-06-04T16:16:05.800Z'
}
{
  service: 'user-service',
  level: 'info',
  message: 'server running on port',
  label: 'UMW',
  timestamp: '2023-06-04T16:16:05.842Z'
}
{
  message: 'database connected successfully',
  level: 'info',
  service: 'user-service',
  label: 'UMW',
  timestamp: '2023-06-04T16:22:17.885Z'
}
{
  service: 'user-service',
  level: 'info',
  message: 'server running on port',
  label: 'UMW',
  timestamp: '2023-06-04T16:22:17.939Z'
}
{
  message: 'database connected successfully',
  level: 'info',
  service: 'user-service',
  label: 'UMW',
  timestamp: '2023-06-04T16:23:58.202Z'
}
{
  service: 'user-service',
  level: 'info',
  message: 'server running on port',
  label: 'UMW',
  timestamp: '2023-06-04T16:23:58.236Z'
}
{
  message: 'database connected successfully',
  level: 'info',
  service: 'user-service',
  label: 'UMW',
  timestamp: '2023-06-04T16:24:41.872Z'
}
{
  service: 'user-service',
  level: 'info',
  message: 'server running on port',
  label: 'UMW',
  timestamp: '2023-06-04T16:24:41.913Z'
}
{
  message: 'database connected successfully',
  level: 'info',
  service: 'user-service',
  label: 'UMW',
  timestamp: '2023-06-04T16:25:23.714Z'
}
{
  service: 'user-service',
  level: 'info',
  message: 'server running on port',
  label: 'UMW',
  timestamp: '2023-06-04T16:25:23.748Z'
}
{
  message: 'database connected successfully',
  level: 'info',
  service: 'user-service',
  label: 'UMW',
  timestamp: '2023-06-04T16:27:50.788Z'
}
{
  service: 'user-service',
  level: 'info',
  message: 'server running on port',
  label: 'UMW',
  timestamp: '2023-06-04T16:27:50.828Z'
}
{
  message: 'database connected successfully',
  level: 'info',
  service: 'user-service',
  label: 'UMW',
  timestamp: '2023-06-04T16:29:33.427Z'
}
{
  service: 'user-service',
  level: 'info',
  message: 'server running on port',
  label: 'UMW',
  timestamp: '2023-06-04T16:29:33.461Z'
}
{
  message: 'database connected successfully',
  level: 'info',
  service: 'user-service',
  label: 'UMW',
  timestamp: '2023-06-04T16:44:39.657Z'
}
{
  service: 'user-service',
  level: 'info',
  message: 'server running on port',
  label: 'UMW',
  timestamp: '2023-06-04T16:44:39.762Z'
}
{
  message: 'database connected successfully',
  level: 'info',
  service: 'user-service',
  label: 'UMW',
  timestamp: '2023-06-04T16:45:45.324Z'
}
{
  service: 'user-service',
  level: 'info',
  message: 'server running on port',
  label: 'UMW',
  timestamp: '2023-06-04T16:45:45.418Z'
}
{
  message: 'database connected successfully',
  level: 'info',
  service: 'user-service',
  label: 'UMW',
  timestamp: '2023-06-04T16:46:55.058Z'
}
{
  service: 'user-service',
  level: 'info',
  message: 'server running on port',
  label: 'UMW',
  timestamp: '2023-06-04T16:46:55.097Z'
}
{
  message: 'database connected successfully',
  level: 'info',
  service: 'user-service',
  label: 'UMW',
  timestamp: '2023-06-04T16:48:10.567Z'
}
{
  service: 'user-service',
  level: 'info',
  message: 'server running on port',
  label: 'UMW',
  timestamp: '2023-06-04T16:48:10.649Z'
}
{
  message: 'database connected successfully',
  level: 'info',
  service: 'user-service',
  label: 'UMW',
  timestamp: '2023-06-04T16:48:31.087Z'
}
{
  service: 'user-service',
  level: 'info',
  message: 'server running on port',
  label: 'UMW',
  timestamp: '2023-06-04T16:48:31.124Z'
}
{
  message: 'database connected successfully',
  level: 'info',
  service: 'user-service',
  label: 'UMW',
  timestamp: '2023-06-04T16:51:02.155Z'
}
{
  service: 'user-service',
  level: 'info',
  message: 'server running on port',
  label: 'UMW',
  timestamp: '2023-06-04T16:51:02.211Z'
}
{
  message: 'database connected successfully',
  level: 'info',
  service: 'user-service',
  label: 'UMW',
  timestamp: '2023-06-04T16:52:07.760Z'
}
{
  service: 'user-service',
  level: 'info',
  message: 'server running on port',
  label: 'UMW',
  timestamp: '2023-06-04T16:52:07.796Z'
}
