{
  message: 'failed to connect database',
  level: 'error',
  service: 'user-service',
  label: 'UMW',
  timestamp: '2023-06-10T14:13:48.184Z'
}
{
  message: 'failed to connect database',
  level: 'error',
  service: 'user-service',
  label: 'UMW',
  timestamp: '2023-06-10T14:16:38.357Z'
}
{
  message: 'failed to connect database',
  level: 'error',
  service: 'user-service',
  label: 'UMW',
  timestamp: '2023-06-10T14:21:40.292Z'
}
{
  message: 'failed to connect database',
  level: 'error',
  service: 'user-service',
  label: 'UMW',
  timestamp: '2023-06-10T14:22:34.268Z'
}
{
  message: 'failed to connect database',
  level: 'error',
  service: 'user-service',
  label: 'UMW',
  timestamp: '2023-06-10T14:40:57.509Z'
}
