{
  statusCode: 400,
  level: 'error',
  service: 'user-service',
  label: 'UMW',
  timestamp: '2023-06-10T09:34:20.013Z'
}
{
  statusCode: 400,
  level: 'error',
  service: 'user-service',
  label: 'UMW',
  timestamp: '2023-06-10T09:35:14.096Z'
}
{
  message: 'failed to connect database',
  level: 'error',
  service: 'user-service',
  label: 'UMW',
  timestamp: '2023-06-10T09:36:28.683Z'
}
{
  statusCode: 400,
  level: 'error',
  service: 'user-service',
  label: 'UMW',
  timestamp: '2023-06-10T09:40:20.497Z'
}
