{
  statusCode: 409,
  level: 'error',
  service: 'user-service',
  label: 'UMW',
  timestamp: '2023-06-07T06:13:45.834Z'
}
{
  statusCode: 409,
  level: 'error',
  service: 'user-service',
  label: 'UMW',
  timestamp: '2023-06-07T06:14:52.336Z'
}
{
  statusCode: 409,
  level: 'error',
  service: 'user-service',
  label: 'UMW',
  timestamp: '2023-06-07T06:17:03.446Z'
}
{
  message: 'failed to connect database',
  level: 'error',
  service: 'user-service',
  label: 'UMW',
  timestamp: '2023-06-07T06:21:01.509Z'
}
{
  statusCode: 409,
  level: 'error',
  service: 'user-service',
  label: 'UMW',
  timestamp: '2023-06-07T06:25:30.440Z'
}
{
  statusCode: 409,
  level: 'error',
  service: 'user-service',
  label: 'UMW',
  timestamp: '2023-06-07T06:26:27.154Z'
}
