{
  statusCode: 400,
  level: 'error',
  service: 'user-service',
  label: 'UMW',
  timestamp: '2023-06-07T13:17:52.091Z'
}
{
  statusCode: 400,
  level: 'error',
  service: 'user-service',
  label: 'UMW',
  timestamp: '2023-06-07T13:20:29.966Z'
}
{
  statusCode: 400,
  level: 'error',
  service: 'user-service',
  label: 'UMW',
  timestamp: '2023-06-07T13:24:51.535Z'
}
{
  message: 'failed to connect database',
  level: 'error',
  service: 'user-service',
  label: 'UMW',
  timestamp: '2023-06-07T13:26:21.298Z'
}
{
  statusCode: 400,
  level: 'error',
  service: 'user-service',
  label: 'UMW',
  timestamp: '2023-06-07T13:27:09.974Z'
}
{
  statusCode: 400,
  level: 'error',
  service: 'user-service',
  label: 'UMW',
  timestamp: '2023-06-07T13:34:03.637Z'
}
{
  statusCode: 400,
  level: 'error',
  service: 'user-service',
  label: 'UMW',
  timestamp: '2023-06-07T13:38:53.814Z'
}
{
  statusCode: 400,
  level: 'error',
  service: 'user-service',
  label: 'UMW',
  timestamp: '2023-06-07T13:40:03.966Z'
}
{
  statusCode: 400,
  level: 'error',
  service: 'user-service',
  label: 'UMW',
  timestamp: '2023-06-07T13:48:22.602Z'
}
